		

		<< Start of Message >>
		There was a hacking attempt on your form. 
 
		Date of Attack: 24 Mar 2016
		IP-Adress: 85.232.234.50 

		Host of Attacker: rev-85.232.234.50.atman.pl
		Point of Attack: Form token.
		<< End of Message >>		

		<< Start of Message >>
		There was a hacking attempt on your form. 
 
		Date of Attack: 25 Mar 2016
		IP-Adress: 199.96.83.4 

		Host of Attacker: reverse-dns.chicago
		Point of Attack: Form token.
		<< End of Message >>		

		<< Start of Message >>
		There was a hacking attempt on your form. 
 
		Date of Attack: 27 Mar 2016
		IP-Adress: 79.114.248.18 

		Host of Attacker: 79-114-248-18.rdsnet.ro
		Point of Attack: Form token.
		<< End of Message >>		

		<< Start of Message >>
		There was a hacking attempt on your form. 
 
		Date of Attack: 05 Apr 2016
		IP-Adress: 86.123.244.196 

		Host of Attacker: 86.123.244.196
		Point of Attack: Form token.
		<< End of Message >>		

		<< Start of Message >>
		There was a hacking attempt on your form. 
 
		Date of Attack: 08 Apr 2016
		IP-Adress: 89.123.9.183 

		Host of Attacker: 89.123.9.183
		Point of Attack: Form token.
		<< End of Message >>		

		<< Start of Message >>
		There was a hacking attempt on your form. 
 
		Date of Attack: 10 Apr 2016
		IP-Adress: 86.123.244.196 

		Host of Attacker: 86.123.244.196
		Point of Attack: Form token.
		<< End of Message >>		

		<< Start of Message >>
		There was a hacking attempt on your form. 
 
		Date of Attack: 10 Apr 2016
		IP-Adress: 86.123.244.196 

		Host of Attacker: 86.123.244.196
		Point of Attack: Form token.
		<< End of Message >>		

		<< Start of Message >>
		There was a hacking attempt on your form. 
 
		Date of Attack: 11 Apr 2016
		IP-Adress: 86.123.244.196 

		Host of Attacker: 86.123.244.196
		Point of Attack: Form token.
		<< End of Message >>		

		<< Start of Message >>
		There was a hacking attempt on your form. 
 
		Date of Attack: 11 Apr 2016
		IP-Adress: 86.123.244.196 

		Host of Attacker: 86.123.244.196
		Point of Attack: Form token.
		<< End of Message >>		

		<< Start of Message >>
		There was a hacking attempt on your form. 
 
		Date of Attack: 14 Apr 2016
		IP-Adress: 86.123.245.116 

		Host of Attacker: 86.123.245.116
		Point of Attack: Form token.
		<< End of Message >>		

		<< Start of Message >>
		There was a hacking attempt on your form. 
 
		Date of Attack: 15 Apr 2016
		IP-Adress: 86.123.245.116 

		Host of Attacker: 86.123.245.116
		Point of Attack: Form token.
		<< End of Message >>		

		<< Start of Message >>
		There was a hacking attempt on your form. 
 
		Date of Attack: 22 Apr 2016
		IP-Adress: 5.53.142.228 

		Host of Attacker: 5.53.142.228
		Point of Attack: Form token.
		<< End of Message >>		

		<< Start of Message >>
		There was a hacking attempt on your form. 
 
		Date of Attack: 26 Apr 2016
		IP-Adress: 79.114.249.208 

		Host of Attacker: 79-114-249-208.rdsnet.ro
		Point of Attack: Form token.
		<< End of Message >>		

		<< Start of Message >>
		There was a hacking attempt on your form. 
 
		Date of Attack: 26 Apr 2016
		IP-Adress: 79.114.249.208 

		Host of Attacker: 79-114-249-208.rdsnet.ro
		Point of Attack: Form token.
		<< End of Message >>		

		<< Start of Message >>
		There was a hacking attempt on your form. 
 
		Date of Attack: 09 May 2016
		IP-Adress: 79.116.24.187 

		Host of Attacker: 79-116-24-187.rdsnet.ro
		Point of Attack: Form token.
		<< End of Message >>		

		<< Start of Message >>
		There was a hacking attempt on your form. 
 
		Date of Attack: 09 May 2016
		IP-Adress: 79.116.24.187 

		Host of Attacker: 79-116-24-187.rdsnet.ro
		Point of Attack: Form token.
		<< End of Message >>		

		<< Start of Message >>
		There was a hacking attempt on your form. 
 
		Date of Attack: 09 May 2016
		IP-Adress: 79.116.24.187 

		Host of Attacker: 79-116-24-187.rdsnet.ro
		Point of Attack: Form token.
		<< End of Message >>		

		<< Start of Message >>
		There was a hacking attempt on your form. 
 
		Date of Attack: 11 May 2016
		IP-Adress: 92.85.172.192 

		Host of Attacker: 92.85.172.192
		Point of Attack: Form token.
		<< End of Message >>		

		<< Start of Message >>
		There was a hacking attempt on your form. 
 
		Date of Attack: 11 May 2016
		IP-Adress: 92.85.172.192 

		Host of Attacker: 92.85.172.192
		Point of Attack: Form token.
		<< End of Message >>		

		<< Start of Message >>
		There was a hacking attempt on your form. 
 
		Date of Attack: 28 May 2016
		IP-Adress: 5.53.141.153 

		Host of Attacker: 5.53.141.153
		Point of Attack: Form token.
		<< End of Message >>		

		<< Start of Message >>
		There was a hacking attempt on your form. 
 
		Date of Attack: 12 Jun 2016
		IP-Adress: 86.123.246.159 

		Host of Attacker: 86.123.246.159
		Point of Attack: Form token.
		<< End of Message >>		

		<< Start of Message >>
		There was a hacking attempt on your form. 
 
		Date of Attack: 13 Jun 2016
		IP-Adress: 154.73.8.170 

		Host of Attacker: 154.73.8.170
		Point of Attack: Form token.
		<< End of Message >>		

		<< Start of Message >>
		There was a hacking attempt on your form. 
 
		Date of Attack: 19 Jun 2016
		IP-Adress: 52.204.246.129 

		Host of Attacker: ec2-52-204-246-129.compute-1.amazonaws.com
		Point of Attack: Form token.
		<< End of Message >>		

		<< Start of Message >>
		There was a hacking attempt on your form. 
 
		Date of Attack: 23 Jun 2016
		IP-Adress: 79.116.28.67 

		Host of Attacker: 79-116-28-67.rdsnet.ro
		Point of Attack: Form token.
		<< End of Message >>		

		<< Start of Message >>
		There was a hacking attempt on your form. 
 
		Date of Attack: 04 Jul 2016
		IP-Adress: 82.76.87.216 

		Host of Attacker: 82-76-87-216.rdsnet.ro
		Point of Attack: Form token.
		<< End of Message >>		

		<< Start of Message >>
		There was a hacking attempt on your form. 
 
		Date of Attack: 30 Jul 2016
		IP-Adress: 79.116.30.25 

		Host of Attacker: 79-116-30-25.rdsnet.ro
		Point of Attack: Form token.
		<< End of Message >>		

		<< Start of Message >>
		There was a hacking attempt on your form. 
 
		Date of Attack: 31 Jul 2016
		IP-Adress: 79.116.30.25 

		Host of Attacker: 79-116-30-25.rdsnet.ro
		Point of Attack: Form token.
		<< End of Message >>		

		<< Start of Message >>
		There was a hacking attempt on your form. 
 
		Date of Attack: 09 Aug 2016
		IP-Adress: 79.116.28.51 

		Host of Attacker: 79-116-28-51.rdsnet.ro
		Point of Attack: Form token.
		<< End of Message >>		

		<< Start of Message >>
		There was a hacking attempt on your form. 
 
		Date of Attack: 09 Aug 2016
		IP-Adress: 79.116.28.51 

		Host of Attacker: 79-116-28-51.rdsnet.ro
		Point of Attack: Form token.
		<< End of Message >>		

		<< Start of Message >>
		There was a hacking attempt on your form. 
 
		Date of Attack: 09 Aug 2016
		IP-Adress: 79.116.28.51 

		Host of Attacker: 79-116-28-51.rdsnet.ro
		Point of Attack: Form token.
		<< End of Message >>		

		<< Start of Message >>
		There was a hacking attempt on your form. 
 
		Date of Attack: 22 Aug 2016
		IP-Adress: 178.175.146.18 

		Host of Attacker: 178-175-146-18.static.host
		Point of Attack: Form token.
		<< End of Message >>		

		<< Start of Message >>
		There was a hacking attempt on your form. 
 
		Date of Attack: 01 Sep 2016
		IP-Adress: 104.234.45.146 

		Host of Attacker: cable-104-234-45-146.velcom.ca
		Point of Attack: Form token.
		<< End of Message >>		

		<< Start of Message >>
		There was a hacking attempt on your form. 
 
		Date of Attack: 02 Sep 2016
		IP-Adress: 86.123.241.182 

		Host of Attacker: 86.123.241.182
		Point of Attack: Form token.
		<< End of Message >>		

		<< Start of Message >>
		There was a hacking attempt on your form. 
 
		Date of Attack: 02 Sep 2016
		IP-Adress: 86.123.241.182 

		Host of Attacker: 86.123.241.182
		Point of Attack: Form token.
		<< End of Message >>		

		<< Start of Message >>
		There was a hacking attempt on your form. 
 
		Date of Attack: 02 Sep 2016
		IP-Adress: 86.123.241.182 

		Host of Attacker: 86.123.241.182
		Point of Attack: Form token.
		<< End of Message >>		

		<< Start of Message >>
		There was a hacking attempt on your form. 
 
		Date of Attack: 30 Sep 2016
		IP-Adress: 178.175.146.106 

		Host of Attacker: 178-175-146-106.static.host
		Point of Attack: Form token.
		<< End of Message >>		

		<< Start of Message >>
		There was a hacking attempt on your form. 
 
		Date of Attack: 07 Oct 2016
		IP-Adress: 89.123.19.123 

		Host of Attacker: 89.123.19.123
		Point of Attack: Form token.
		<< End of Message >>		

		<< Start of Message >>
		There was a hacking attempt on your form. 
 
		Date of Attack: 07 Oct 2016
		IP-Adress: 89.123.19.123 

		Host of Attacker: 89.123.19.123
		Point of Attack: Form token.
		<< End of Message >>		

		<< Start of Message >>
		There was a hacking attempt on your form. 
 
		Date of Attack: 12 Oct 2016
		IP-Adress: 52.55.165.131 

		Host of Attacker: ec2-52-55-165-131.compute-1.amazonaws.com
		Point of Attack: Form token.
		<< End of Message >>		

		<< Start of Message >>
		There was a hacking attempt on your form. 
 
		Date of Attack: 12 Oct 2016
		IP-Adress: 52.55.165.131 

		Host of Attacker: ec2-52-55-165-131.compute-1.amazonaws.com
		Point of Attack: Form token.
		<< End of Message >>		

		<< Start of Message >>
		There was a hacking attempt on your form. 
 
		Date of Attack: 15 Oct 2016
		IP-Adress: 178.175.146.66 

		Host of Attacker: 178-175-146-66.static.host
		Point of Attack: Form token.
		<< End of Message >>		

		<< Start of Message >>
		There was a hacking attempt on your form. 
 
		Date of Attack: 18 Oct 2016
		IP-Adress: 87.106.157.75 

		Host of Attacker: 87.106.157.75
		Point of Attack: Form token.
		<< End of Message >>		

		<< Start of Message >>
		There was a hacking attempt on your form. 
 
		Date of Attack: 20 Oct 2016
		IP-Adress: 87.106.157.75 

		Host of Attacker: 87.106.157.75
		Point of Attack: Form token.
		<< End of Message >>		

		<< Start of Message >>
		There was a hacking attempt on your form. 
 
		Date of Attack: 31 Oct 2016
		IP-Adress: 176.32.16.14 

		Host of Attacker: 176.32.16.14
		Point of Attack: Form token.
		<< End of Message >>		

		<< Start of Message >>
		There was a hacking attempt on your form. 
 
		Date of Attack: 31 Oct 2016
		IP-Adress: 176.32.16.14 

		Host of Attacker: 176.32.16.14
		Point of Attack: Form token.
		<< End of Message >>		

		<< Start of Message >>
		There was a hacking attempt on your form. 
 
		Date of Attack: 02 Nov 2016
		IP-Adress: 87.106.157.75 

		Host of Attacker: 87.106.157.75
		Point of Attack: Form token.
		<< End of Message >>		

		<< Start of Message >>
		There was a hacking attempt on your form. 
 
		Date of Attack: 03 Nov 2016
		IP-Adress: 87.106.157.75 

		Host of Attacker: 87.106.157.75
		Point of Attack: Form token.
		<< End of Message >>		

		<< Start of Message >>
		There was a hacking attempt on your form. 
 
		Date of Attack: 05 Nov 2016
		IP-Adress: 130.204.221.223 

		Host of Attacker: 602ad0d8ff2f.softphone.blizoo.bg
		Point of Attack: Form token.
		<< End of Message >>		

		<< Start of Message >>
		There was a hacking attempt on your form. 
 
		Date of Attack: 05 Nov 2016
		IP-Adress: 79.116.31.47 

		Host of Attacker: 79-116-31-47.rdsnet.ro
		Point of Attack: Form token.
		<< End of Message >>		

		<< Start of Message >>
		There was a hacking attempt on your form. 
 
		Date of Attack: 07 Nov 2016
		IP-Adress: 178.175.146.90 

		Host of Attacker: 178-175-146-90.static.host
		Point of Attack: Form token.
		<< End of Message >>		

		<< Start of Message >>
		There was a hacking attempt on your form. 
 
		Date of Attack: 11 Nov 2016
		IP-Adress: 5.53.142.113 

		Host of Attacker: 5.53.142.113
		Point of Attack: Form token.
		<< End of Message >>		

		<< Start of Message >>
		There was a hacking attempt on your form. 
 
		Date of Attack: 13 Nov 2016
		IP-Adress: 5.53.142.113 

		Host of Attacker: 5.53.142.113
		Point of Attack: Form token.
		<< End of Message >>		

		<< Start of Message >>
		There was a hacking attempt on your form. 
 
		Date of Attack: 24 Nov 2016
		IP-Adress: 79.116.31.248 

		Host of Attacker: 79-116-31-248.rdsnet.ro
		Point of Attack: Form token.
		<< End of Message >>		

		<< Start of Message >>
		There was a hacking attempt on your form. 
 
		Date of Attack: 24 Nov 2016
		IP-Adress: 79.116.31.248 

		Host of Attacker: 79-116-31-248.rdsnet.ro
		Point of Attack: Form token.
		<< End of Message >>		

		<< Start of Message >>
		There was a hacking attempt on your form. 
 
		Date of Attack: 24 Nov 2016
		IP-Adress: 79.116.31.248 

		Host of Attacker: 79-116-31-248.rdsnet.ro
		Point of Attack: Form token.
		<< End of Message >>		

		<< Start of Message >>
		There was a hacking attempt on your form. 
 
		Date of Attack: 03 Dec 2016
		IP-Adress: 86.123.243.193 

		Host of Attacker: 86.123.243.193
		Point of Attack: Form token.
		<< End of Message >>		

		<< Start of Message >>
		There was a hacking attempt on your form. 
 
		Date of Attack: 05 Dec 2016
		IP-Adress: 79.116.26.36 

		Host of Attacker: 79-116-26-36.rdsnet.ro
		Point of Attack: Form token.
		<< End of Message >>		

		<< Start of Message >>
		There was a hacking attempt on your form. 
 
		Date of Attack: 07 Dec 2016
		IP-Adress: 79.116.29.253 

		Host of Attacker: 79-116-29-253.rdsnet.ro
		Point of Attack: Form token.
		<< End of Message >>		

		<< Start of Message >>
		There was a hacking attempt on your form. 
 
		Date of Attack: 07 Dec 2016
		IP-Adress: 79.116.29.253 

		Host of Attacker: 79-116-29-253.rdsnet.ro
		Point of Attack: Form token.
		<< End of Message >>		

		<< Start of Message >>
		There was a hacking attempt on your form. 
 
		Date of Attack: 07 Dec 2016
		IP-Adress: 79.116.29.253 

		Host of Attacker: 79-116-29-253.rdsnet.ro
		Point of Attack: Form token.
		<< End of Message >>		

		<< Start of Message >>
		There was a hacking attempt on your form. 
 
		Date of Attack: 13 Dec 2016
		IP-Adress: 79.116.27.211 

		Host of Attacker: 79-116-27-211.rdsnet.ro
		Point of Attack: Form token.
		<< End of Message >>		

		<< Start of Message >>
		There was a hacking attempt on your form. 
 
		Date of Attack: 27 Dec 2016
		IP-Adress: 79.116.24.28 

		Host of Attacker: 79-116-24-28.rdsnet.ro
		Point of Attack: Form token.
		<< End of Message >>		

		<< Start of Message >>
		There was a hacking attempt on your form. 
 
		Date of Attack: 27 Dec 2016
		IP-Adress: 79.116.24.28 

		Host of Attacker: 79-116-24-28.rdsnet.ro
		Point of Attack: Form token.
		<< End of Message >>		

		<< Start of Message >>
		There was a hacking attempt on your form. 
 
		Date of Attack: 28 Dec 2016
		IP-Adress: 79.116.24.28 

		Host of Attacker: 79-116-24-28.rdsnet.ro
		Point of Attack: Form token.
		<< End of Message >>		

		<< Start of Message >>
		There was a hacking attempt on your form. 
 
		Date of Attack: 28 Dec 2016
		IP-Adress: 89.123.4.101 

		Host of Attacker: 89.123.4.101
		Point of Attack: Form token.
		<< End of Message >>		

		<< Start of Message >>
		There was a hacking attempt on your form. 
 
		Date of Attack: 02 Jan 2017
		IP-Adress: 70.25.48.52 

		Host of Attacker: 70.25.48.52
		Point of Attack: Form token.
		<< End of Message >>		

		<< Start of Message >>
		There was a hacking attempt on your form. 
 
		Date of Attack: 11 Jan 2017
		IP-Adress: 5.53.142.113 

		Host of Attacker: 5.53.142.113
		Point of Attack: Form token.
		<< End of Message >>		

		<< Start of Message >>
		There was a hacking attempt on your form. 
 
		Date of Attack: 12 Jan 2017
		IP-Adress: 5.53.142.113 

		Host of Attacker: 5.53.142.113
		Point of Attack: Form token.
		<< End of Message >>		

		<< Start of Message >>
		There was a hacking attempt on your form. 
 
		Date of Attack: 19 Jan 2017
		IP-Adress: 35.162.194.238 

		Host of Attacker: ec2-35-162-194-238.us-west-2.compute.amazonaws.com
		Point of Attack: Form token.
		<< End of Message >>		

		<< Start of Message >>
		There was a hacking attempt on your form. 
 
		Date of Attack: 20 Jan 2017
		IP-Adress: 35.162.194.238 

		Host of Attacker: ec2-35-162-194-238.us-west-2.compute.amazonaws.com
		Point of Attack: Form token.
		<< End of Message >>		

		<< Start of Message >>
		There was a hacking attempt on your form. 
 
		Date of Attack: 22 Jan 2017
		IP-Adress: 130.204.221.223 

		Host of Attacker: 602ad0d8ff2f.softphone.blizoo.bg
		Point of Attack: Form token.
		<< End of Message >>		

		<< Start of Message >>
		There was a hacking attempt on your form. 
 
		Date of Attack: 23 Jan 2017
		IP-Adress: 92.98.106.221 

		Host of Attacker: 92.98.106.221
		Point of Attack: Form token.
		<< End of Message >>		

		<< Start of Message >>
		There was a hacking attempt on your form. 
 
		Date of Attack: 23 Jan 2017
		IP-Adress: 70.55.53.26 

		Host of Attacker: shbtpq2113w-lp140-01-70-55-53-26.dsl.bell.ca
		Point of Attack: Form token.
		<< End of Message >>		

		<< Start of Message >>
		There was a hacking attempt on your form. 
 
		Date of Attack: 24 Jan 2017
		IP-Adress: 130.204.221.223 

		Host of Attacker: 602ad0d8ff2f.softphone.blizoo.bg
		Point of Attack: Form token.
		<< End of Message >>		

		<< Start of Message >>
		There was a hacking attempt on your form. 
 
		Date of Attack: 25 Jan 2017
		IP-Adress: 216.220.37.161 

		Host of Attacker: ns1.rtihosting.com
		Point of Attack: Form token.
		<< End of Message >>		

		<< Start of Message >>
		There was a hacking attempt on your form. 
 
		Date of Attack: 25 Jan 2017
		IP-Adress: 216.220.37.161 

		Host of Attacker: ns1.rtihosting.com
		Point of Attack: Form token.
		<< End of Message >>		

		<< Start of Message >>
		There was a hacking attempt on your form. 
 
		Date of Attack: 26 Jan 2017
		IP-Adress: 82.76.87.19 

		Host of Attacker: 82-76-87-19.rdsnet.ro
		Point of Attack: Form token.
		<< End of Message >>		

		<< Start of Message >>
		There was a hacking attempt on your form. 
 
		Date of Attack: 26 Jan 2017
		IP-Adress: 82.76.87.19 

		Host of Attacker: 82-76-87-19.rdsnet.ro
		Point of Attack: Form token.
		<< End of Message >>		

		<< Start of Message >>
		There was a hacking attempt on your form. 
 
		Date of Attack: 27 Jan 2017
		IP-Adress: 70.55.53.26 

		Host of Attacker: shbtpq2113w-lp140-01-70-55-53-26.dsl.bell.ca
		Point of Attack: Form token.
		<< End of Message >>		

		<< Start of Message >>
		There was a hacking attempt on your form. 
 
		Date of Attack: 01 Feb 2017
		IP-Adress: 89.123.52.49 

		Host of Attacker: 89.123.52.49
		Point of Attack: Form token.
		<< End of Message >>		

		<< Start of Message >>
		There was a hacking attempt on your form. 
 
		Date of Attack: 02 Feb 2017
		IP-Adress: 89.123.52.49 

		Host of Attacker: 89.123.52.49
		Point of Attack: Form token.
		<< End of Message >>		

		<< Start of Message >>
		There was a hacking attempt on your form. 
 
		Date of Attack: 06 Feb 2017
		IP-Adress: 185.116.162.9 

		Host of Attacker: 185.116.162.9
		Point of Attack: Form token.
		<< End of Message >>		

		<< Start of Message >>
		There was a hacking attempt on your form. 
 
		Date of Attack: 07 Feb 2017
		IP-Adress: 146.148.113.176 

		Host of Attacker: 176.113.148.146.bc.googleusercontent.com
		Point of Attack: Form token.
		<< End of Message >>		

		<< Start of Message >>
		There was a hacking attempt on your form. 
 
		Date of Attack: 07 Feb 2017
		IP-Adress: 146.148.113.176 

		Host of Attacker: 176.113.148.146.bc.googleusercontent.com
		Point of Attack: Form token.
		<< End of Message >>		

		<< Start of Message >>
		There was a hacking attempt on your form. 
 
		Date of Attack: 07 Feb 2017
		IP-Adress: 79.106.209.122 

		Host of Attacker: 79.106.209.122
		Point of Attack: Form token.
		<< End of Message >>		

		<< Start of Message >>
		There was a hacking attempt on your form. 
 
		Date of Attack: 07 Feb 2017
		IP-Adress: 185.116.162.9 

		Host of Attacker: 185.116.162.9
		Point of Attack: Form token.
		<< End of Message >>		

		<< Start of Message >>
		There was a hacking attempt on your form. 
 
		Date of Attack: 10 Feb 2017
		IP-Adress: 79.116.26.193 

		Host of Attacker: 79-116-26-193.rdsnet.ro
		Point of Attack: Form token.
		<< End of Message >>		

		<< Start of Message >>
		There was a hacking attempt on your form. 
 
		Date of Attack: 10 Feb 2017
		IP-Adress: 79.116.26.193 

		Host of Attacker: 79-116-26-193.rdsnet.ro
		Point of Attack: Form token.
		<< End of Message >>		

		<< Start of Message >>
		There was a hacking attempt on your form. 
 
		Date of Attack: 22 Feb 2017
		IP-Adress: 70.25.48.52 

		Host of Attacker: 70.25.48.52
		Point of Attack: Form token.
		<< End of Message >>		

		<< Start of Message >>
		There was a hacking attempt on your form. 
 
		Date of Attack: 25 Feb 2017
		IP-Adress: 86.123.244.186 

		Host of Attacker: 86.123.244.186
		Point of Attack: Form token.
		<< End of Message >>		

		<< Start of Message >>
		There was a hacking attempt on your form. 
 
		Date of Attack: 28 Feb 2017
		IP-Adress: 86.123.244.186 

		Host of Attacker: 86.123.244.186
		Point of Attack: Form token.
		<< End of Message >>		

		<< Start of Message >>
		There was a hacking attempt on your form. 
 
		Date of Attack: 28 Feb 2017
		IP-Adress: 86.123.244.186 

		Host of Attacker: 86.123.244.186
		Point of Attack: Form token.
		<< End of Message >>		

		<< Start of Message >>
		There was a hacking attempt on your form. 
 
		Date of Attack: 03 Mar 2017
		IP-Adress: 165.228.253.11 

		Host of Attacker: cat1425680.lnk.telstra.net
		Point of Attack: Form token.
		<< End of Message >>		

		<< Start of Message >>
		There was a hacking attempt on your form. 
 
		Date of Attack: 06 Mar 2017
		IP-Adress: 86.123.242.173 

		Host of Attacker: 86.123.242.173
		Point of Attack: Form token.
		<< End of Message >>		

		<< Start of Message >>
		There was a hacking attempt on your form. 
 
		Date of Attack: 07 Mar 2017
		IP-Adress: 82.76.87.192 

		Host of Attacker: 82-76-87-192.rdsnet.ro
		Point of Attack: Form token.
		<< End of Message >>		

		<< Start of Message >>
		There was a hacking attempt on your form. 
 
		Date of Attack: 10 Mar 2017
		IP-Adress: 86.123.242.173 

		Host of Attacker: 86.123.242.173
		Point of Attack: Form token.
		<< End of Message >>		

		<< Start of Message >>
		There was a hacking attempt on your form. 
 
		Date of Attack: 14 Mar 2017
		IP-Adress: 82.76.87.6 

		Host of Attacker: 82-76-87-6.rdsnet.ro
		Point of Attack: Form token.
		<< End of Message >>		

		<< Start of Message >>
		There was a hacking attempt on your form. 
 
		Date of Attack: 16 Mar 2017
		IP-Adress: 82.76.87.6 

		Host of Attacker: 82-76-87-6.rdsnet.ro
		Point of Attack: Form token.
		<< End of Message >>		

		<< Start of Message >>
		There was a hacking attempt on your form. 
 
		Date of Attack: 16 Mar 2017
		IP-Adress: 82.76.87.6 

		Host of Attacker: 82-76-87-6.rdsnet.ro
		Point of Attack: Form token.
		<< End of Message >>		

		<< Start of Message >>
		There was a hacking attempt on your form. 
 
		Date of Attack: 23 Mar 2017
		IP-Adress: 5.231.205.138 

		Host of Attacker: m1-ppe.ro
		Point of Attack: Form token.
		<< End of Message >>		

		<< Start of Message >>
		There was a hacking attempt on your form. 
 
		Date of Attack: 01 Apr 2017
		IP-Adress: 79.114.248.49 

		Host of Attacker: 79-114-248-49.rdsnet.ro
		Point of Attack: Form token.
		<< End of Message >>		

		<< Start of Message >>
		There was a hacking attempt on your form. 
 
		Date of Attack: 04 Apr 2017
		IP-Adress: 79.116.31.10 

		Host of Attacker: 79-116-31-10.rdsnet.ro
		Point of Attack: Form token.
		<< End of Message >>		

		<< Start of Message >>
		There was a hacking attempt on your form. 
 
		Date of Attack: 04 Apr 2017
		IP-Adress: 79.116.31.10 

		Host of Attacker: 79-116-31-10.rdsnet.ro
		Point of Attack: Form token.
		<< End of Message >>		

		<< Start of Message >>
		There was a hacking attempt on your form. 
 
		Date of Attack: 06 Apr 2017
		IP-Adress: 65.208.151.117 

		Host of Attacker: 65.208.151.117
		Point of Attack: Form token.
		<< End of Message >>		

		<< Start of Message >>
		There was a hacking attempt on your form. 
 
		Date of Attack: 13 Apr 2017
		IP-Adress: 79.116.31.68 

		Host of Attacker: 79-116-31-68.rdsnet.ro
		Point of Attack: Form token.
		<< End of Message >>		

		<< Start of Message >>
		There was a hacking attempt on your form. 
 
		Date of Attack: 17 Apr 2017
		IP-Adress: 79.116.26.177 

		Host of Attacker: 79-116-26-177.rdsnet.ro
		Point of Attack: Form token.
		<< End of Message >>		

		<< Start of Message >>
		There was a hacking attempt on your form. 
 
		Date of Attack: 22 Apr 2017
		IP-Adress: 89.123.37.110 

		Host of Attacker: 89.123.37.110
		Point of Attack: Form token.
		<< End of Message >>		

		<< Start of Message >>
		There was a hacking attempt on your form. 
 
		Date of Attack: 05 May 2017
		IP-Adress: 62.210.248.53 

		Host of Attacker: rdp01.snthostings.com
		Point of Attack: Form token.
		<< End of Message >>		

		<< Start of Message >>
		There was a hacking attempt on your form. 
 
		Date of Attack: 07 May 2017
		IP-Adress: 104.194.2.16 

		Host of Attacker: 104.194.2.16
		Point of Attack: Form token.
		<< End of Message >>		

		<< Start of Message >>
		There was a hacking attempt on your form. 
 
		Date of Attack: 10 May 2017
		IP-Adress: 79.116.25.126 

		Host of Attacker: 79-116-25-126.rdsnet.ro
		Point of Attack: Form token.
		<< End of Message >>		

		<< Start of Message >>
		There was a hacking attempt on your form. 
 
		Date of Attack: 10 May 2017
		IP-Adress: 79.116.25.126 

		Host of Attacker: 79-116-25-126.rdsnet.ro
		Point of Attack: Form token.
		<< End of Message >>		

		<< Start of Message >>
		There was a hacking attempt on your form. 
 
		Date of Attack: 11 May 2017
		IP-Adress: 89.123.63.130 

		Host of Attacker: 89.123.63.130
		Point of Attack: Form token.
		<< End of Message >>		

		<< Start of Message >>
		There was a hacking attempt on your form. 
 
		Date of Attack: 21 May 2017
		IP-Adress: 77.85.62.47 

		Host of Attacker: 77-85-62-47.ip.btc-net.bg
		Point of Attack: Form token.
		<< End of Message >>		

		<< Start of Message >>
		There was a hacking attempt on your form. 
 
		Date of Attack: 24 May 2017
		IP-Adress: 77.85.62.47 

		Host of Attacker: 77-85-62-47.ip.btc-net.bg
		Point of Attack: Form token.
		<< End of Message >>		

		<< Start of Message >>
		There was a hacking attempt on your form. 
 
		Date of Attack: 29 May 2017
		IP-Adress: 77.85.62.47 

		Host of Attacker: 77-85-62-47.ip.btc-net.bg
		Point of Attack: Form token.
		<< End of Message >>		

		<< Start of Message >>
		There was a hacking attempt on your form. 
 
		Date of Attack: 29 May 2017
		IP-Adress: 86.123.243.4 

		Host of Attacker: 86.123.243.4
		Point of Attack: Form token.
		<< End of Message >>		

		<< Start of Message >>
		There was a hacking attempt on your form. 
 
		Date of Attack: 29 May 2017
		IP-Adress: 79.116.29.53 

		Host of Attacker: 79-116-29-53.rdsnet.ro
		Point of Attack: Form token.
		<< End of Message >>		

		<< Start of Message >>
		There was a hacking attempt on your form. 
 
		Date of Attack: 29 May 2017
		IP-Adress: 79.116.24.163 

		Host of Attacker: 79-116-24-163.rdsnet.ro
		Point of Attack: Form token.
		<< End of Message >>		

		<< Start of Message >>
		There was a hacking attempt on your form. 
 
		Date of Attack: 02 Jun 2017
		IP-Adress: 82.76.87.206 

		Host of Attacker: 82-76-87-206.rdsnet.ro
		Point of Attack: Form token.
		<< End of Message >>		

		<< Start of Message >>
		There was a hacking attempt on your form. 
 
		Date of Attack: 09 Jun 2017
		IP-Adress: 79.116.24.8 

		Host of Attacker: 79-116-24-8.rdsnet.ro
		Point of Attack: Form token.
		<< End of Message >>		

		<< Start of Message >>
		There was a hacking attempt on your form. 
 
		Date of Attack: 09 Jun 2017
		IP-Adress: 79.116.24.8 

		Host of Attacker: 79-116-24-8.rdsnet.ro
		Point of Attack: Form token.
		<< End of Message >>		

		<< Start of Message >>
		There was a hacking attempt on your form. 
 
		Date of Attack: 19 Jun 2017
		IP-Adress: 89.122.29.82 

		Host of Attacker: 89.122.29.82
		Point of Attack: Form token.
		<< End of Message >>		

		<< Start of Message >>
		There was a hacking attempt on your form. 
 
		Date of Attack: 27 Jun 2017
		IP-Adress: 86.125.250.121 

		Host of Attacker: 86-125-250-121.rdsnet.ro
		Point of Attack: Form token.
		<< End of Message >>		

		<< Start of Message >>
		There was a hacking attempt on your form. 
 
		Date of Attack: 14 Jul 2017
		IP-Adress: 109.102.111.76 

		Host of Attacker: 109.102.111.76
		Point of Attack: Form token.
		<< End of Message >>		

		<< Start of Message >>
		There was a hacking attempt on your form. 
 
		Date of Attack: 14 Jul 2017
		IP-Adress: 89.123.19.228 

		Host of Attacker: 89.123.19.228
		Point of Attack: Form token.
		<< End of Message >>		

		<< Start of Message >>
		There was a hacking attempt on your form. 
 
		Date of Attack: 14 Jul 2017
		IP-Adress: 109.102.111.76 

		Host of Attacker: 109.102.111.76
		Point of Attack: Form token.
		<< End of Message >>		

		<< Start of Message >>
		There was a hacking attempt on your form. 
 
		Date of Attack: 15 Jul 2017
		IP-Adress: 89.123.19.228 

		Host of Attacker: 89.123.19.228
		Point of Attack: Form token.
		<< End of Message >>		

		<< Start of Message >>
		There was a hacking attempt on your form. 
 
		Date of Attack: 27 Jul 2017
		IP-Adress: 109.102.111.76 

		Host of Attacker: 109.102.111.76
		Point of Attack: Form token.
		<< End of Message >>		

		<< Start of Message >>
		There was a hacking attempt on your form. 
 
		Date of Attack: 24 Aug 2017
		IP-Adress: 89.122.29.82 

		Host of Attacker: 89.122.29.82
		Point of Attack: Form token.
		<< End of Message >>		

		<< Start of Message >>
		There was a hacking attempt on your form. 
 
		Date of Attack: 27 Aug 2017
		IP-Adress: 89.123.54.199 

		Host of Attacker: 89.123.54.199
		Point of Attack: Form token.
		<< End of Message >>		

		<< Start of Message >>
		There was a hacking attempt on your form. 
 
		Date of Attack: 05 Sep 2017
		IP-Adress: 109.102.111.76 

		Host of Attacker: 109.102.111.76
		Point of Attack: Form token.
		<< End of Message >>		

		<< Start of Message >>
		There was a hacking attempt on your form. 
 
		Date of Attack: 06 Sep 2017
		IP-Adress: 34.196.218.68 

		Host of Attacker: ec2-34-196-218-68.compute-1.amazonaws.com
		Point of Attack: Form token.
		<< End of Message >>		

		<< Start of Message >>
		There was a hacking attempt on your form. 
 
		Date of Attack: 06 Sep 2017
		IP-Adress: 34.204.135.106 

		Host of Attacker: ec2-34-204-135-106.compute-1.amazonaws.com
		Point of Attack: Form token.
		<< End of Message >>		

		<< Start of Message >>
		There was a hacking attempt on your form. 
 
		Date of Attack: 10 Sep 2017
		IP-Adress: 34.204.135.106 

		Host of Attacker: ec2-34-204-135-106.compute-1.amazonaws.com
		Point of Attack: Form token.
		<< End of Message >>		

		<< Start of Message >>
		There was a hacking attempt on your form. 
 
		Date of Attack: 10 Sep 2017
		IP-Adress: 52.2.199.132 

		Host of Attacker: ec2-52-2-199-132.compute-1.amazonaws.com
		Point of Attack: Form token.
		<< End of Message >>		

		<< Start of Message >>
		There was a hacking attempt on your form. 
 
		Date of Attack: 12 Sep 2017
		IP-Adress: 109.102.111.88 

		Host of Attacker: 109.102.111.88
		Point of Attack: Form token.
		<< End of Message >>		

		<< Start of Message >>
		There was a hacking attempt on your form. 
 
		Date of Attack: 12 Sep 2017
		IP-Adress: 109.102.111.92 

		Host of Attacker: 109.102.111.92
		Point of Attack: Form token.
		<< End of Message >>		

		<< Start of Message >>
		There was a hacking attempt on your form. 
 
		Date of Attack: 20 Sep 2017
		IP-Adress: 109.102.111.71 

		Host of Attacker: 109.102.111.71
		Point of Attack: Form token.
		<< End of Message >>		

		<< Start of Message >>
		There was a hacking attempt on your form. 
 
		Date of Attack: 25 Sep 2017
		IP-Adress: 198.58.75.9 

		Host of Attacker: 198-58-75-9.cyrusone.com
		Point of Attack: Form token.
		<< End of Message >>		

		<< Start of Message >>
		There was a hacking attempt on your form. 
 
		Date of Attack: 25 Sep 2017
		IP-Adress: 198.58.75.9 

		Host of Attacker: 198-58-75-9.cyrusone.com
		Point of Attack: Form token.
		<< End of Message >>		

		<< Start of Message >>
		There was a hacking attempt on your form. 
 
		Date of Attack: 04 Oct 2017
		IP-Adress: 109.102.111.64 

		Host of Attacker: 109.102.111.64
		Point of Attack: Form token.
		<< End of Message >>		

		<< Start of Message >>
		There was a hacking attempt on your form. 
 
		Date of Attack: 06 Nov 2017
		IP-Adress: 109.102.111.86 

		Host of Attacker: 109.102.111.86
		Point of Attack: Form token.
		<< End of Message >>		

		<< Start of Message >>
		There was a hacking attempt on your form. 
 
		Date of Attack: 21 Nov 2017
		IP-Adress: 109.102.111.87 

		Host of Attacker: 109.102.111.87
		Point of Attack: Form token.
		<< End of Message >>		

		<< Start of Message >>
		There was a hacking attempt on your form. 
 
		Date of Attack: 09 Dec 2017
		IP-Adress: 109.102.111.66 

		Host of Attacker: 109.102.111.66
		Point of Attack: Form token.
		<< End of Message >>		

		<< Start of Message >>
		There was a hacking attempt on your form. 
 
		Date of Attack: 15 Dec 2017
		IP-Adress: 89.136.31.222 

		Host of Attacker: dyn-89.136.31.222.vn.upcnet.ro
		Point of Attack: Form token.
		<< End of Message >>		

		<< Start of Message >>
		There was a hacking attempt on your form. 
 
		Date of Attack: 20 Dec 2017
		IP-Adress: 89.123.37.192 

		Host of Attacker: 89.123.37.192
		Point of Attack: Form token.
		<< End of Message >>